2024-11-28T12:18:50.246+08:00  INFO 3684 --- [springboot-ssr-room] [main] c.e.demo.SpringbootSsrRoomApplication    : Starting SpringbootSsrRoomApplication using Java 21.0.4 with PID 3684 (D:\Ecworkspace\springboot-ssr-room\target\classes started by 真相不明 in D:\Ecworkspace\springboot-ssr-room)
2024-11-28T12:18:50.293+08:00  INFO 3684 --- [springboot-ssr-room] [main] c.e.demo.SpringbootSsrRoomApplication    : No active profile set, falling back to 1 default profile: "default"
2024-11-28T12:18:51.223+08:00  INFO 3684 --- [springboot-ssr-room] [main] .s.d.r.c.RepositoryConfigurationDelegate : Bootstrapping Spring Data JPA repositories in DEFAULT mode.
2024-11-28T12:18:51.287+08:00  INFO 3684 --- [springboot-ssr-room] [main] .s.d.r.c.RepositoryConfigurationDelegate : Finished Spring Data repository scanning in 58 ms. Found 1 JPA repository interface.
2024-11-28T12:18:51.705+08:00  INFO 3684 --- [springboot-ssr-room] [main] o.s.b.w.embedded.tomcat.TomcatWebServer  : Tomcat initialized with port 8081 (http)
2024-11-28T12:18:51.717+08:00  INFO 3684 --- [springboot-ssr-room] [main] o.apache.catalina.core.StandardService   : Starting service [Tomcat]
2024-11-28T12:18:51.717+08:00  INFO 3684 --- [springboot-ssr-room] [main] o.apache.catalina.core.StandardEngine    : Starting Servlet engine: [Apache Tomcat/10.1.31]
2024-11-28T12:18:51.908+08:00  INFO 3684 --- [springboot-ssr-room] [main] org.apache.jasper.servlet.TldScanner     : At least one JAR was scanned for TLDs yet contained no TLDs. Enable debug logging for this logger for a complete list of JARs that were scanned but no TLDs were found in them. Skipping unneeded JARs during scanning can improve startup time and JSP compilation time.
2024-11-28T12:18:51.914+08:00  INFO 3684 --- [springboot-ssr-room] [main] o.a.c.c.C.[Tomcat].[localhost].[/]       : Initializing Spring embedded WebApplicationContext
2024-11-28T12:18:51.915+08:00  INFO 3684 --- [springboot-ssr-room] [main] w.s.c.ServletWebServerApplicationContext : Root WebApplicationContext: initialization completed in 1574 ms
2024-11-28T12:18:52.035+08:00  INFO 3684 --- [springboot-ssr-room] [main] o.hibernate.jpa.internal.util.LogHelper  : HHH000204: Processing PersistenceUnitInfo [name: default]
2024-11-28T12:18:52.081+08:00  INFO 3684 --- [springboot-ssr-room] [main] org.hibernate.Version                    : HHH000412: Hibernate ORM core version 6.5.3.Final
2024-11-28T12:18:52.112+08:00  INFO 3684 --- [springboot-ssr-room] [main] o.h.c.internal.RegionFactoryInitiator    : HHH000026: Second-level cache disabled
2024-11-28T12:18:52.381+08:00  INFO 3684 --- [springboot-ssr-room] [main] o.s.o.j.p.SpringPersistenceUnitInfo      : No LoadTimeWeaver setup: ignoring JPA class transformer
2024-11-28T12:18:52.405+08:00  INFO 3684 --- [springboot-ssr-room] [main] com.zaxxer.hikari.HikariDataSource       : HikariPool-1 - Starting...
2024-11-28T12:18:52.537+08:00  INFO 3684 --- [springboot-ssr-room] [main] com.zaxxer.hikari.pool.HikariPool        : HikariPool-1 - Added connection com.mysql.cj.jdbc.ConnectionImpl@d13379e
2024-11-28T12:18:52.538+08:00  INFO 3684 --- [springboot-ssr-room] [main] com.zaxxer.hikari.HikariDataSource       : HikariPool-1 - Start completed.
2024-11-28T12:18:53.301+08:00  INFO 3684 --- [springboot-ssr-room] [main] o.h.e.t.j.p.i.JtaPlatformInitiator       : HHH000489: No JTA platform available (set 'hibernate.transaction.jta.platform' to enable JTA platform integration)
2024-11-28T12:18:53.341+08:00  INFO 3684 --- [springboot-ssr-room] [main] j.LocalContainerEntityManagerFactoryBean : Initialized JPA EntityManagerFactory for persistence unit 'default'
2024-11-28T12:18:53.459+08:00  WARN 3684 --- [springboot-ssr-room] [main] JpaBaseConfiguration$JpaWebConfiguration : spring.jpa.open-in-view is enabled by default. Therefore, database queries may be performed during view rendering. Explicitly configure spring.jpa.open-in-view to disable this warning
2024-11-28T12:18:53.858+08:00  INFO 3684 --- [springboot-ssr-room] [main] o.s.d.j.r.query.QueryEnhancerFactory     : Hibernate is in classpath; If applicable, HQL parser will be used.
2024-11-28T12:18:54.269+08:00  INFO 3684 --- [springboot-ssr-room] [main] o.s.b.w.embedded.tomcat.TomcatWebServer  : Tomcat started on port 8081 (http) with context path '/'
2024-11-28T12:18:54.275+08:00  INFO 3684 --- [springboot-ssr-room] [main] c.e.demo.SpringbootSsrRoomApplication    : Started SpringbootSsrRoomApplication in 4.391 seconds (process running for 5.225)
2024-11-28T12:19:01.402+08:00  INFO 3684 --- [springboot-ssr-room] [http-nio-8081-exec-1] o.a.c.c.C.[Tomcat].[localhost].[/]       : Initializing Spring DispatcherServlet 'dispatcherServlet'
2024-11-28T12:19:01.402+08:00  INFO 3684 --- [springboot-ssr-room] [http-nio-8081-exec-1] o.s.web.servlet.DispatcherServlet        : Initializing Servlet 'dispatcherServlet'
2024-11-28T12:19:01.403+08:00  INFO 3684 --- [springboot-ssr-room] [http-nio-8081-exec-1] o.s.web.servlet.DispatcherServlet        : Completed initialization in 1 ms
2024-11-28T12:19:44.859+08:00  INFO 3684 --- [springboot-ssr-room] [RMI TCP Connection(10)-127.0.0.1] inMXBeanRegistrar$SpringApplicationAdmin : Application shutdown requested.
2024-11-28T12:19:44.866+08:00  INFO 3684 --- [springboot-ssr-room] [RMI TCP Connection(10)-127.0.0.1] j.LocalContainerEntityManagerFactoryBean : Closing JPA EntityManagerFactory for persistence unit 'default'
2024-11-28T12:19:44.868+08:00  INFO 3684 --- [springboot-ssr-room] [RMI TCP Connection(10)-127.0.0.1] com.zaxxer.hikari.HikariDataSource       : HikariPool-1 - Shutdown initiated...
2024-11-28T12:19:44.874+08:00  INFO 3684 --- [springboot-ssr-room] [RMI TCP Connection(10)-127.0.0.1] com.zaxxer.hikari.HikariDataSource       : HikariPool-1 - Shutdown completed.
2024-11-28T12:20:06.607+08:00  INFO 11300 --- [springboot-ssr-room] [main] c.e.demo.SpringbootSsrRoomApplication    : Starting SpringbootSsrRoomApplication using Java 21.0.4 with PID 11300 (D:\Ecworkspace\springboot-ssr-room\target\classes started by 真相不明 in D:\Ecworkspace\springboot-ssr-room)
2024-11-28T12:20:06.609+08:00  INFO 11300 --- [springboot-ssr-room] [main] c.e.demo.SpringbootSsrRoomApplication    : No active profile set, falling back to 1 default profile: "default"
2024-11-28T12:20:07.131+08:00  INFO 11300 --- [springboot-ssr-room] [main] .s.d.r.c.RepositoryConfigurationDelegate : Bootstrapping Spring Data JPA repositories in DEFAULT mode.
2024-11-28T12:20:07.197+08:00  INFO 11300 --- [springboot-ssr-room] [main] .s.d.r.c.RepositoryConfigurationDelegate : Finished Spring Data repository scanning in 59 ms. Found 1 JPA repository interface.
2024-11-28T12:20:07.594+08:00  INFO 11300 --- [springboot-ssr-room] [main] o.s.b.w.embedded.tomcat.TomcatWebServer  : Tomcat initialized with port 8081 (http)
2024-11-28T12:20:07.606+08:00  INFO 11300 --- [springboot-ssr-room] [main] o.apache.catalina.core.StandardService   : Starting service [Tomcat]
2024-11-28T12:20:07.607+08:00  INFO 11300 --- [springboot-ssr-room] [main] o.apache.catalina.core.StandardEngine    : Starting Servlet engine: [Apache Tomcat/10.1.31]
2024-11-28T12:20:07.795+08:00  INFO 11300 --- [springboot-ssr-room] [main] org.apache.jasper.servlet.TldScanner     : At least one JAR was scanned for TLDs yet contained no TLDs. Enable debug logging for this logger for a complete list of JARs that were scanned but no TLDs were found in them. Skipping unneeded JARs during scanning can improve startup time and JSP compilation time.
2024-11-28T12:20:07.801+08:00  INFO 11300 --- [springboot-ssr-room] [main] o.a.c.c.C.[Tomcat].[localhost].[/]       : Initializing Spring embedded WebApplicationContext
2024-11-28T12:20:07.802+08:00  INFO 11300 --- [springboot-ssr-room] [main] w.s.c.ServletWebServerApplicationContext : Root WebApplicationContext: initialization completed in 1147 ms
2024-11-28T12:20:07.924+08:00  INFO 11300 --- [springboot-ssr-room] [main] o.hibernate.jpa.internal.util.LogHelper  : HHH000204: Processing PersistenceUnitInfo [name: default]
2024-11-28T12:20:07.970+08:00  INFO 11300 --- [springboot-ssr-room] [main] org.hibernate.Version                    : HHH000412: Hibernate ORM core version 6.5.3.Final
2024-11-28T12:20:07.997+08:00  INFO 11300 --- [springboot-ssr-room] [main] o.h.c.internal.RegionFactoryInitiator    : HHH000026: Second-level cache disabled
2024-11-28T12:20:08.242+08:00  INFO 11300 --- [springboot-ssr-room] [main] o.s.o.j.p.SpringPersistenceUnitInfo      : No LoadTimeWeaver setup: ignoring JPA class transformer
2024-11-28T12:20:08.266+08:00  INFO 11300 --- [springboot-ssr-room] [main] com.zaxxer.hikari.HikariDataSource       : HikariPool-1 - Starting...
2024-11-28T12:20:08.403+08:00  INFO 11300 --- [springboot-ssr-room] [main] com.zaxxer.hikari.pool.HikariPool        : HikariPool-1 - Added connection com.mysql.cj.jdbc.ConnectionImpl@5891b7c5
2024-11-28T12:20:08.405+08:00  INFO 11300 --- [springboot-ssr-room] [main] com.zaxxer.hikari.HikariDataSource       : HikariPool-1 - Start completed.
2024-11-28T12:20:09.146+08:00  INFO 11300 --- [springboot-ssr-room] [main] o.h.e.t.j.p.i.JtaPlatformInitiator       : HHH000489: No JTA platform available (set 'hibernate.transaction.jta.platform' to enable JTA platform integration)
2024-11-28T12:20:09.185+08:00  INFO 11300 --- [springboot-ssr-room] [main] j.LocalContainerEntityManagerFactoryBean : Initialized JPA EntityManagerFactory for persistence unit 'default'
2024-11-28T12:20:09.289+08:00  WARN 11300 --- [springboot-ssr-room] [main] JpaBaseConfiguration$JpaWebConfiguration : spring.jpa.open-in-view is enabled by default. Therefore, database queries may be performed during view rendering. Explicitly configure spring.jpa.open-in-view to disable this warning
2024-11-28T12:20:09.719+08:00  INFO 11300 --- [springboot-ssr-room] [main] o.s.d.j.r.query.QueryEnhancerFactory     : Hibernate is in classpath; If applicable, HQL parser will be used.
2024-11-28T12:20:10.084+08:00  INFO 11300 --- [springboot-ssr-room] [main] o.s.b.w.embedded.tomcat.TomcatWebServer  : Tomcat started on port 8081 (http) with context path '/'
2024-11-28T12:20:10.095+08:00  INFO 11300 --- [springboot-ssr-room] [main] c.e.demo.SpringbootSsrRoomApplication    : Started SpringbootSsrRoomApplication in 3.828 seconds (process running for 4.508)
2024-11-28T12:22:25.266+08:00  INFO 11300 --- [springboot-ssr-room] [RMI TCP Connection(12)-127.0.0.1] inMXBeanRegistrar$SpringApplicationAdmin : Application shutdown requested.
2024-11-28T12:22:25.274+08:00  INFO 11300 --- [springboot-ssr-room] [RMI TCP Connection(12)-127.0.0.1] j.LocalContainerEntityManagerFactoryBean : Closing JPA EntityManagerFactory for persistence unit 'default'
2024-11-28T12:22:25.276+08:00  INFO 11300 --- [springboot-ssr-room] [RMI TCP Connection(12)-127.0.0.1] com.zaxxer.hikari.HikariDataSource       : HikariPool-1 - Shutdown initiated...
2024-11-28T12:22:25.282+08:00  INFO 11300 --- [springboot-ssr-room] [RMI TCP Connection(12)-127.0.0.1] com.zaxxer.hikari.HikariDataSource       : HikariPool-1 - Shutdown completed.
